     Derek Johnston, lab 5            160215     22283169

                            sales commission report

 no  name         sales  min   max   rate   earned     paid    notes
 --  ----         -----  ---   ---   ----   ------     ----    ------
 10  JIM           4,000  300    600   10%     400    $**400
 12  BETH          5,000  500  1,000   20%   1,000    $1,000
 21  TOM           6,000  500  1,325   20%   1,325    $1,325
 30  SALLY           207   50    100   20%      41    $***50   earned under min
 31  GERRY         7,999  600    700    5%     775    $**700   earned over max
 39  CINDY         3,751  400    600   19%     713    $**713
 45  SAMMY         5,000  500  1,000   10%     500    $**500
 49  HARVEY        5,001  875    900   17%     850    $**850
 52  PHIL          5,002  999  2,000   19%     951    $**951
 60  WILLIAM       9,003   75    950    8%   1,221    $**950   earned over max     Derek Johnston, lab 5            160215     22283169

                            sales commission report

 no  name         sales  min   max   rate   earned     paid    notes
 --  ----         -----  ---   ---   ----   ------     ----    ------
 61  WANDA         9,006  800  1,000    8%   1,221    $1,000   earned over max
 68  GEORGE        4,564  300    900    7%     319    $**319
 69  IRVING        4,567  300    900    7%     320    $**320
 70  ROSEMARY        999   75    200   29%     290    $**290
 73  LARRY         5,005   78  1,200   27%   1,352    $1,200   earned over max
 75  RONNIE        9,999  999  9,999   99%     524    $9,999   earned over max
 77  MARK          4,999  401    900    8%     400    $**401   earned under min
 88  ERIC          4,998  300    400    9%     450    $**450
 81  BOB               2   10    900   49%       1    $***10   earned under min
 85  FRANKIE       9,999    1  1,000    1%     725    $**725     Derek Johnston, lab 5            160215     22283169

                            sales commission report

 no  name         sales  min   max   rate   earned     paid    notes
 --  ----         -----  ---   ---   ----   ------     ----    ------
 87  DAVID         8,888   80    800    8%   1,197    $**800   earned over max
 66  MARIO         5,997  999  2,000   23%   1,504    $1,504
 98  NANCY         5,010  200  5,000   11%     552    $**552
 99  WAYNE         5,998  999  2,000   23%   1,504    $1,504

                           totals          $28,135   $26,513

     number with bonus more than max      6

     number with no bonus less than min   3

     percent paid what they earned       63%

     Percent > 5000:  66.67%
     Percent <= 5000: 33.33%