     Derek Johnston, LAB 8     160328     21155730

                            NON-GRADUATE REPORT                    PAGE   1

   EMP   EMP                               PRESENT    INCREASE       PAY          NEW         BUDGET         BUDGET
   NUM   NAME           YEARS   POSITION   SALARY        %        INCREASE      SALARY         EST            DIFF
   004   ACHER WILLIAM      1               7,260.05                 $0.00+   $  7,260.05   $  7,200.00        $60.05-
   590   NEIL CLARENCE      7   JR PROG       650.09    3.7%        $24.05+   $    674.14   $  1,000.00       $325.86
   801   SCHEIBER HARRY     1              10,000.00                 $0.00+   $ 10,000.00   $ 10,000.00         $0.00
   956   WANGLEY THEO       1               9,999.91                 $0.00+   $  9,999.91   $ 10,000.00         $0.09
   181   DELBERT EDWARD    12   PROG        6,590.13    6.7%     $1,941.54+   $  8,531.67   $  7,500.00     $1,031.67-
                                   ****** NON-GRAD SALARY ADJUSTED BY $1500 *******
                                   ***** BUDGET DIFFERENCE GREATER THAN $500 ******


   311   GROLER GRACE      23   PROG        6,430.20    6.7%     $1,930.82+   $  8,361.02   $  7,000.00     $1,361.02-
                                   ****** NON-GRAD SALARY ADJUSTED BY $1500 *******
                                   ***** BUDGET DIFFERENCE GREATER THAN $500 ******
   487   KING MILDRED      18   PROG        9,199.63    6.7%     $2,116.38+   $ 11,316.01   $ 11,000.00       $316.01-
                                   ****** NON-GRAD SALARY ADJUSTED BY $1500 *******
   834   TRAWLEY HARRIS     5   JR PROG    73,260.05    3.7%     $2,710.62+   $ 75,970.67   $ 77,000.00     $1,029.33
                                   ***** BUDGET DIFFERENCE GREATER THAN $500 ******
   171   COSTA NAN         15   PROG        3,560.05    6.7%     $1,738.52+   $  5,298.57   $  4,900.00       $398.57-
                                   ****** NON-GRAD SALARY ADJUSTED BY $1500 *******
   739   RIDEL ROBERT       5   JR PROG     1,940.08    3.7%        $71.78+   $  2,011.86   $  2,000.00        $11.86-


   122   CENNA DICK         3              57,770.04                 $0.00+   $ 57,770.04   $ 60,000.00     $2,229.96
                                   ***** BUDGET DIFFERENCE GREATER THAN $500 ******
   568   LYNNF GERALD       9   JR PROG    44,870.13    3.7%     $1,660.19+   $ 46,530.32   $ 45,000.00     $1,530.32-
                                   ***** BUDGET DIFFERENCE GREATER THAN $500 ******
   909   UDSON DORIS        1              44,990.03                 $0.00+   $ 44,990.03   $ 45,000.00         $9.97
   100   BATES TONY         8   JR PROG    10,660.20    3.7%       $394.43+   $ 11,054.63   $ 11,000.00        $54.63-
   179   DAMSON ERIC        3              25,020.18                 $0.00+   $ 25,020.18   $ 25,000.00        $20.18-

                                                  RAISES THIS PAGE:   $12,588.33     Derek Johnston, LAB 8     160328     21155730

                            NON-GRADUATE REPORT                    PAGE   2

   EMP   EMP                               PRESENT    INCREASE       PAY          NEW         BUDGET         BUDGET
   NUM   NAME           YEARS   POSITION   SALARY        %        INCREASE      SALARY         EST            DIFF
   825   TILLMAN DON       12   PROG        4,440.19    6.7%     $1,797.49+   $  6,237.68   $  5,000.00     $1,237.68-
                                   ****** NON-GRAD SALARY ADJUSTED BY $1500 *******
                                   ***** BUDGET DIFFERENCE GREATER THAN $500 ******
   214   EDMONSON RICK      2              10,000.00                 $0.00+   $ 10,000.00   $ 10,000.00         $0.00
   310   GORMALLY MARIE     3              30,220.06                 $0.00+   $ 30,220.06   $ 30,000.00       $220.06-
   332   HELD ANNA          2              40,000.02                 $0.00+   $ 40,000.02   $ 40,000.00         $0.02-
   689   OWNEY REED         4              31,746.03                 $0.00+   $ 31,746.03   $ 33,700.00     $1,953.97
                                   ***** BUDGET DIFFERENCE GREATER THAN $500 ******


   322   HARLETON JEAN      7   JR PROG     8,990.12    3.7%       $332.63+   $  9,322.75   $ 10,000.00       $677.25
                                   ***** BUDGET DIFFERENCE GREATER THAN $500 ******
   921   ULL GEORGE        18   PROG       22,988.51    6.7%     $3,040.23+   $ 26,028.74   $ 25,000.00     $1,028.74-
                                   ****** NON-GRAD SALARY ADJUSTED BY $1500 *******
                                   ***** BUDGET DIFFERENCE GREATER THAN $500 ******
   105   BOYLE RALPH        8   JR PROG    80,440.14    3.7%     $2,976.29+   $ 83,416.43   $ 78,000.00     $5,416.43-
                                   ***** BUDGET DIFFERENCE GREATER THAN $500 ******
   315   HALE ALAN         12   PROG       40,000.16    6.7%     $4,180.01+   $ 44,180.17   $ 45,000.00       $819.83
                                   ****** NON-GRAD SALARY ADJUSTED BY $1500 *******
                                   ***** BUDGET DIFFERENCE GREATER THAN $500 ******

                                                  RAISES THIS PAGE:   $12,326.65

   AVERAGE INCREASES:   PROG=       2,392.14   JR PROG=     1,167.14

                                   HALE ALAN       MADE THE HIGHEST RAISE AT     $4,180.01