     Derek Johnston, LAB 8     160328     21155730

                            GRADUATE REPORT                        PAGE   1

   EMP   EMP                               PRESENT    INCREASE       PAY          NEW         BUDGET         BUDGET
   NUM   NAME           YEARS   POSITION   SALARY        %        INCREASE      SALARY         EST            DIFF
   030   ALLDREN RUTH      21   ANALYST    20,200.00   11.9%     $2,403.80+   $ 22,603.80   $ 22,000.00       $603.80-
                                   ***** BUDGET DIFFERENCE GREATER THAN $500 ******
   185   DONNEMAN THOMAS    6   PROG        4,230.09    6.7%       $283.42+   $  4,513.51   $  4,600.00        $86.49
   325   HATFIELD MARK      1              11,220.02                 $0.00+   $ 11,220.02   $ 11,000.00       $220.02-
   730   REEDE OWEN         9   SEN PROG    5,550.10    9.3%       $516.16+   $  6,066.26   $  6,200.00       $133.74
   111   CARTOLER VIOLET    2               9,980.07                 $0.00+   $  9,980.07   $ 10,000.00        $19.93


   999   BAKER RON          3   PROG       30,000.14    6.7%     $2,010.01+   $ 32,010.15   $ 35,000.00     $2,989.85
                                   ***** BUDGET DIFFERENCE GREATER THAN $500 ******
   318   HANEY CAROL        9   SEN PROG   50,000.14    9.3%     $4,650.01+   $ 54,650.15   $ 55,000.00       $349.85
   027   ALHOUER ELAINE     1              25,730.02                 $0.00+   $ 25,730.02   $ 25,000.00       $730.02-
                                   ***** BUDGET DIFFERENCE GREATER THAN $500 ******
   317   HANBEE ALETA       3   PROG       50,000.03    6.7%     $3,350.00+   $ 53,350.03   $ 55,000.00     $1,649.97
                                   ***** BUDGET DIFFERENCE GREATER THAN $500 ******
   806   STOCKTON NORMAN    6   PROG       25,070.07    6.7%     $1,679.69+   $ 26,749.76   $ 33,000.00     $6,250.24
                                   ***** BUDGET DIFFERENCE GREATER THAN $500 ******


   207   EBERHARDT RON      5   PROG       40,070.09    6.7%     $2,684.70+   $ 42,754.79   $ 45,000.00     $2,245.21
                                   ***** BUDGET DIFFERENCE GREATER THAN $500 ******
   308   GLEASON JAMES      1              50,000.03                 $0.00+   $ 50,000.03   $ 50,000.00         $0.03-
   292   EVERLEY DONNA      3   PROG       20,000.17    6.7%     $1,340.01+   $ 21,340.18   $ 25,000.00     $3,659.82
                                   ***** BUDGET DIFFERENCE GREATER THAN $500 ******
   409   ICK MICK          25   ANALYST    99,999.99   11.9%    $11,900.00+   $111,899.99   $100,000.00    $11,899.99-
                                   ***** BUDGET DIFFERENCE GREATER THAN $500 ******
   607   ODELLE NICK       10   SEN PROG   25,070.18    9.3%     $2,331.53+   $ 27,401.71   $ 30,000.00     $2,598.29
                                   ***** BUDGET DIFFERENCE GREATER THAN $500 ******

                                                  RAISES THIS PAGE:   $33,149.33     Derek Johnston, LAB 8     160328     21155730

                            GRADUATE REPORT                        PAGE   2

   EMP   EMP                               PRESENT    INCREASE       PAY          NEW         BUDGET         BUDGET
   NUM   NAME           YEARS   POSITION   SALARY        %        INCREASE      SALARY         EST            DIFF
   802   SHEA MICHAEL       6   PROG       20,330.08    6.7%     $1,362.12+   $ 21,692.20   $ 23,000.00     $1,307.80
                                   ***** BUDGET DIFFERENCE GREATER THAN $500 ******
   102   BELLSLEY ART       8   SEN PROG   30,000.09    9.3%     $2,790.01+   $ 32,790.10   $ 35,000.00     $2,209.90
                                   ***** BUDGET DIFFERENCE GREATER THAN $500 ******
   282   ESTABAN JUAN      19   ANALYST    40,550.00   11.9%     $4,825.45+   $ 45,375.45   $ 45,000.00       $375.45-
   505   LAMBERT JERRY      1              40,010.04                 $0.00+   $ 40,010.04   $ 40,000.00        $10.04-
   215   EDSON WILBUR       6   PROG       70,500.08    6.7%     $4,723.51+   $ 75,223.59   $ 80,000.00     $4,776.41
                                   ***** BUDGET DIFFERENCE GREATER THAN $500 ******

                                                  RAISES THIS PAGE:   $13,701.09

   AVERAGE INCREASES:   ANALYST=    6,376.42   SEN PROG=    2,571.93   PROG=       2,179.18

                                   ICK MICK        MADE THE HIGHEST RAISE AT    $11,900.00