

   Derek Johnston, Lab 3

   INV     ExTENDED        DISCOUNT     NET PRICE     CLASS     TRANS     TRANSPORTATION
   NUM       PRICE          AMOUNT                                 %         CHARGE

   2047    84,000.00        9,240.00      74,760.00     B        14.0          11,760.00
   1742       100.00            0.00         100.00     A        29.0              29.00
   2149   180,000.00       19,800.00     160,200.00     C        11.5          20,700.00
   3761    25,000.00        2,750.00      22,250.00     D         0.0              35.00
   2791         7.50            0.00           7.50     A        29.0               2.18
   3000       200.00            0.00         200.00     F         0.0              35.00
   3001    10,098.99        1,110.89       8,988.10     F         0.0              35.00
   3002         8.91            0.00           8.91     F         0.0              35.00
   4001    27,653.36        3,041.87      24,611.49     D        11.5           3,180.14
   4003     2,000.00          220.00       1,780.00     Z         0.0              35.00
   4005         3.79            0.00           3.79     C         0.0              35.00
   5001       100.00            0.00         100.00     A        29.0              29.00
   5003       499.90           54.99         444.91     B        14.0              69.99
   5004       800.00           88.00         712.00     D        11.5              92.00
   8888   989,990.01      108,898.90     881,091.11     A        29.0         287,097.10
   8889    30,895.88        3,398.55      27,497.33     B        14.0           4,325.42
   0001         0.01            0.00           0.01     G         0.0              35.00
   9999         9.99            0.00           9.99     A        29.0               2.90

       $1,351,368.34                  $1,202,765.14                          $327,532.73

   TOTAL ITEMS WITHOUT DISCOUNT = 8

   PERCENT OF ITEMS THAT RECEIVED A DISCOUNT = 55.5%