     Derek Johnston, LAB 6     160310     18544814

                            EMPLOYEE SALARY REPORT                    PAGE   1

   EMP   EMP                               PRESENT    INCREASE       PAY          NEW
   NUM   NAME           YEARS   POSITION   SALARY        %        INCREASE      SALARY

   030   ALLDREN RUTH      21   ANALYST    20,200.00   11.9%     $2,403.80+   $ 22,603.80

   185   DONNEMAN THOMAS    6   PROG        4,230.09    6.7%       $283.42+   $  4,513.51

   004   ACHER WILLIAM      1               7,260.05                 $0.00+   $  7,260.05

   325   HATFIELD MARK      1              11,220.02                 $0.00+   $ 11,220.02

   730   REEDE OWEN         9   SEN PROG    5,550.10    9.3%       $516.16+   $  6,066.26

   111   CARTOLER VIOLET    2   PROG        9,980.07    6.7%       $668.66+   $ 10,648.73

   590   NEIL CLARENCE      7   JR PROG       650.09    3.7%        $24.05+   $    674.14

   801   SCHEIBER HARRY     1              10,000.00                 $0.00+   $ 10,000.00

   956   WANGLEY THEO       1               9,999.91                 $0.00+   $  9,999.91

   999   BAKER RON          3   PROG       30,000.14    6.7%     $2,010.01+   $ 32,010.15

   181   DELBERT EDWARD    12   SEN PROG    6,590.13    9.3%       $612.88+   $  7,203.01

   311   GROLER GRACE      23   PROG        6,430.20    6.7%       $430.82+   $  6,861.02

   318   HANEY CAROL        9   SEN PROG   50,000.14    9.3%     $4,650.01+   $ 54,650.15

   487   KING MILDRED      18   PROG        9,199.63    6.7%       $616.38+   $  9,816.01

   834   TRAWLEY HARRIS     5   JR PROG    73,260.05    3.7%     $2,710.62+   $ 75,970.67     Derek Johnston, LAB 6     160310     18544814

                            EMPLOYEE SALARY REPORT                    PAGE   2

   EMP   EMP                               PRESENT    INCREASE       PAY          NEW
   NUM   NAME           YEARS   POSITION   SALARY        %        INCREASE      SALARY

   027   ALHOUER ELAINE     1              25,730.02                 $0.00+   $ 25,730.02

   171   COSTA NAN         15   PROG        3,560.05    6.7%       $238.52+   $  3,798.57

   317   HANBEE ALETA       3   PROG       50,000.03    6.7%     $3,350.00+   $ 53,350.03

   739   RIDEL ROBERT       5   JR PROG     1,940.08    3.7%        $71.78+   $  2,011.86

   806   STOCKTON NORMAN    6   PROG       25,070.07    6.7%     $1,679.69+   $ 26,749.76

   122   CENNA DICK         3              57,770.04                 $0.00+   $ 57,770.04

   207   EBERHARDT RON      5   PROG       40,070.09    6.7%     $2,684.70+   $ 42,754.79

   308   GLEASON JAMES      1              50,000.03                 $0.00+   $ 50,000.03

   568   LYNNF GERALD       9   JR PROG    44,870.13    3.7%     $1,660.19+   $ 46,530.32

   909   UDSON DORIS        1              44,990.03                 $0.00+   $ 44,990.03

   100   BATES TONY         8   JR PROG    10,660.20    3.7%       $394.43+   $ 11,054.63

   179   DAMSON ERIC        3              25,020.18                 $0.00+   $ 25,020.18

   292   EVERLEY DONNA      3   PROG       20,000.17    6.7%     $1,340.01+   $ 21,340.18

   409   ICK MICK          25   ANALYST    99,999.99   11.9%    $11,900.00+   $111,899.99

   607   ODELLE NICK       10   SEN PROG   25,070.18    9.3%     $2,331.53+   $ 27,401.71     Derek Johnston, LAB 6     160310     18544814

                            EMPLOYEE SALARY REPORT                    PAGE   3

   EMP   EMP                               PRESENT    INCREASE       PAY          NEW
   NUM   NAME           YEARS   POSITION   SALARY        %        INCREASE      SALARY

   825   TILLMAN DON       12   PROG        4,440.19    6.7%       $297.49+   $  4,737.68

   214   EDMONSON RICK      2              10,000.00                 $0.00+   $ 10,000.00

   310   GORMALLY MARIE     3              30,220.06                 $0.00+   $ 30,220.06

   332   HELD ANNA          2   PROG       40,000.02    6.7%     $2,680.00+   $ 42,680.02

   689   OWNEY REED         4   JR PROG    31,746.03    3.7%     $1,174.60+   $ 32,920.63

   802   SHEA MICHAEL       6   PROG       20,330.08    6.7%     $1,362.12+   $ 21,692.20

   102   BELLSLEY ART       8   SEN PROG   30,000.09    9.3%     $2,790.01+   $ 32,790.10

   282   ESTABAN JUAN      19   ANALYST    40,550.00   11.9%     $4,825.45+   $ 45,375.45

   322   HARLETON JEAN      7   JR PROG     8,990.12    3.7%       $332.63+   $  9,322.75

   505   LAMBERT JERRY      1              40,010.04                 $0.00+   $ 40,010.04

   921   ULL GEORGE        18   PROG       22,988.51    6.7%     $1,540.23+   $ 24,528.74

   105   BOYLE RALPH        8   JR PROG    80,440.14    3.7%     $2,976.29+   $ 83,416.43

   215   EDSON WILBUR       6   PROG       70,500.08    6.7%     $4,723.51+   $ 75,223.59

   315   HALE ALAN         12   PROG       40,000.16    6.7%     $2,680.01+   $ 42,680.17

   AVERAGE INCREASES:   ANALYST=    6,376.42   SEN PROG=    2,180.12
                        PROG=       1,661.60   JR PROG=     1,168.07