     Derek Johnston, LAB 7     160321     22080716

                            NON-GRADUATE REPORT                    PAGE   1

   EMP   EMP                               PRESENT    INCREASE       PAY          NEW         BUDGET         BUDGET
   NUM   NAME           YEARS   POSITION   SALARY        %        INCREASE      SALARY         EST            DIFF

   004   ACHER WILLIAM      1               7,260.05                 $0.00+   $  7,260.05   $  7,200.00       -60.05

   590   NEIL CLARENCE      7   JR PROG       650.09    3.7%        $24.05+   $    674.14   $  1,000.00       325.86

   801   SCHEIBER HARRY     1              10,000.00                 $0.00+   $ 10,000.00   $ 10,000.00         0.00

   956   WANGLEY THEO       1               9,999.91                 $0.00+   $  9,999.91   $ 10,000.00         0.09

   311   GROLER GRACE      23   PROG        6,430.20    6.7%       $430.82+   $  6,861.02   $  7,700.00       838.98

   487   KING MILDRED      18   PROG        9,199.63    6.7%       $616.38+   $  9,816.01   $ 10,000.00       183.99

   834   TRAWLEY HARRIS     5   JR PROG    73,260.05    3.7%     $2,710.62+   $ 75,970.67   $ 77,000.00     1,029.33

   171   COSTA NAN         15   PROG        3,560.05    6.7%       $238.52+   $  3,798.57   $  4,000.00       201.43

   739   RIDEL ROBERT       5   JR PROG     1,940.08    3.7%        $71.78+   $  2,011.86   $  2,000.00       -11.86

   122   CENNA DICK         3              57,770.04                 $0.00+   $ 57,770.04   $ 60,000.00     2,229.96

   568   LYNNF GERALD       9   JR PROG    44,870.13    3.7%     $1,660.19+   $ 46,530.32   $ 45,000.00    -1,530.32

   909   UDSON DORIS        1              44,990.03                 $0.00+   $ 44,990.03   $ 45,000.00         9.97

   100   BATES TONY         8   JR PROG    10,660.20    3.7%       $394.43+   $ 11,054.63   $ 10,000.00    -1,054.63

   179   DAMSON ERIC        3              25,020.18                 $0.00+   $ 25,020.18   $ 25,000.00       -20.18

   825   TILLMAN DON       12   PROG        4,440.19    6.7%       $297.49+   $  4,737.68   $  5,000.00       262.32

   214   EDMONSON RICK      2              10,000.00                 $0.00+   $ 10,000.00   $ 10,000.00         0.00

   310   GORMALLY MARIE     3              30,220.06                 $0.00+   $ 30,220.06   $ 30,000.00      -220.06

   689   OWNEY REED         4              31,746.03                 $0.00+   $ 31,746.03   $ 35,000.00     3,253.97

   322   HARLETON JEAN      7   JR PROG     8,990.12    3.7%       $332.63+   $  9,322.75   $ 10,000.00       677.25

   921   ULL GEORGE        18   PROG       22,988.51    6.7%     $1,540.23+   $ 24,528.74   $ 25,000.00       471.26     Derek Johnston, LAB 7     160321     22080716

                            NON-GRADUATE REPORT                    PAGE   2

   EMP   EMP                               PRESENT    INCREASE       PAY          NEW         BUDGET         BUDGET
   NUM   NAME           YEARS   POSITION   SALARY        %        INCREASE      SALARY         EST            DIFF

   105   BOYLE RALPH        8   JR PROG    80,440.14    3.7%     $2,976.29+   $ 83,416.43   $ 78,000.00    -5,416.43

   315   HALE ALAN         12   PROG       40,000.16    6.7%     $2,680.01+   $ 42,680.17   $ 45,000.00     2,319.83

   AVERAGE INCREASES   PROG=         967.24   JR PROG=     1,167.14